2024-12-03 08:50:47,926 [INFO] org.studyeasy.SpringRestdemo.SpringRestdemoApplication [main] Starting SpringRestdemoApplication using Java 21 with PID 24800 (D:\RECYCLE BIN EXTRAS\ONLY_DOCS\all_my_software_projects_folder\javaUdemy_documents\Java_ReactJS_101\L2_React_AddAlbums\backend3\SpringRestdemo_38_DeleteAlbumAPI\target\classes started by Lenovo in D:\RECYCLE BIN EXTRAS\ONLY_DOCS\all_my_software_projects_folder\javaUdemy_documents\Java_ReactJS_101\L2_React_AddAlbums\backend3)
2024-12-03 08:50:47,952 [DEBUG] org.studyeasy.SpringRestdemo.SpringRestdemoApplication [main] Running with Spring Boot v3.3.2, Spring v6.1.11
2024-12-03 08:50:47,962 [INFO] org.studyeasy.SpringRestdemo.SpringRestdemoApplication [main] No active profile set, falling back to 1 default profile: "default"
2024-12-03 08:50:53,393 [INFO] org.springframework.data.repository.config.RepositoryConfigurationDelegate [main] Bootstrapping Spring Data JPA repositories in DEFAULT mode.
2024-12-03 08:50:53,639 [INFO] org.springframework.data.repository.config.RepositoryConfigurationDelegate [main] Finished Spring Data repository scanning in 215 ms. Found 3 JPA repository interfaces.
2024-12-03 08:50:56,401 [INFO] org.springframework.boot.web.embedded.tomcat.TomcatWebServer [main] Tomcat initialized with port 8080 (http)
2024-12-03 08:50:56,443 [INFO] org.apache.catalina.core.StandardService [main] Starting service [Tomcat]
2024-12-03 08:50:56,446 [INFO] org.apache.catalina.core.StandardEngine [main] Starting Servlet engine: [Apache Tomcat/10.1.26]
2024-12-03 08:50:56,646 [INFO] org.apache.catalina.core.ContainerBase.[Tomcat].[localhost].[/] [main] Initializing Spring embedded WebApplicationContext
2024-12-03 08:50:56,648 [INFO] org.springframework.boot.web.servlet.context.ServletWebServerApplicationContext [main] Root WebApplicationContext: initialization completed in 8261 ms
2024-12-03 08:50:57,005 [INFO] com.zaxxer.hikari.HikariDataSource [main] HikariPool-1 - Starting...
2024-12-03 08:50:58,057 [INFO] com.zaxxer.hikari.pool.HikariPool [main] HikariPool-1 - Added connection conn0: url=jdbc:h2:file:./db/db user=ADMIN
2024-12-03 08:50:58,071 [INFO] com.zaxxer.hikari.HikariDataSource [main] HikariPool-1 - Start completed.
2024-12-03 08:50:58,117 [INFO] org.springframework.boot.autoconfigure.h2.H2ConsoleAutoConfiguration [main] H2 console available at '/db-console'. Database available at 'jdbc:h2:file:./db/db'
2024-12-03 08:50:58,898 [INFO] org.hibernate.jpa.internal.util.LogHelper [main] HHH000204: Processing PersistenceUnitInfo [name: default]
2024-12-03 08:50:59,075 [INFO] org.hibernate.Version [main] HHH000412: Hibernate ORM core version 6.5.2.Final
2024-12-03 08:50:59,195 [INFO] org.hibernate.cache.internal.RegionFactoryInitiator [main] HHH000026: Second-level cache disabled
2024-12-03 08:51:00,129 [INFO] org.springframework.orm.jpa.persistenceunit.SpringPersistenceUnitInfo [main] No LoadTimeWeaver setup: ignoring JPA class transformer
2024-12-03 08:51:00,259 [WARN] org.hibernate.dialect.Dialect [main] HHH000511: The 2.1.210 version for [org.hibernate.dialect.H2Dialect] is no longer supported, hence certain features may not work properly. The minimum supported version is 2.1.214. Check the community dialects project for available legacy versions.
2024-12-03 08:51:00,280 [WARN] org.hibernate.orm.deprecation [main] HHH90000025: H2Dialect does not need to be specified explicitly using 'hibernate.dialect' (remove the property setting and it will be selected by default)
2024-12-03 08:51:02,836 [INFO] org.hibernate.engine.transaction.jta.platform.internal.JtaPlatformInitiator [main] HHH000489: No JTA platform available (set 'hibernate.transaction.jta.platform' to enable JTA platform integration)
2024-12-03 08:51:02,987 [INFO] org.springframework.orm.jpa.LocalContainerEntityManagerFactoryBean [main] Initialized JPA EntityManagerFactory for persistence unit 'default'
2024-12-03 08:51:05,324 [WARN] org.springframework.boot.autoconfigure.orm.jpa.JpaBaseConfiguration$JpaWebConfiguration [main] spring.jpa.open-in-view is enabled by default. Therefore, database queries may be performed during view rendering. Explicitly configure spring.jpa.open-in-view to disable this warning
2024-12-03 08:51:05,400 [INFO] org.springframework.security.config.annotation.authentication.configuration.InitializeUserDetailsBeanManagerConfigurer$InitializeUserDetailsManagerConfigurer [main] Global AuthenticationManager configured with UserDetailsService bean with name accountService
2024-12-03 08:51:06,656 [INFO] org.springframework.boot.actuate.endpoint.web.EndpointLinksResolver [main] Exposing 1 endpoint beneath base path '/actuator'
2024-12-03 08:51:08,591 [INFO] org.springframework.boot.web.embedded.tomcat.TomcatWebServer [main] Tomcat started on port 8080 (http) with context path '/'
2024-12-03 08:51:08,631 [INFO] org.studyeasy.SpringRestdemo.SpringRestdemoApplication [main] Started SpringRestdemoApplication in 22.673 seconds (process running for 24.78)
2024-12-03 08:51:09,700 [INFO] org.apache.catalina.core.ContainerBase.[Tomcat].[localhost].[/] [RMI TCP Connection(2)-127.0.0.1] Initializing Spring DispatcherServlet 'dispatcherServlet'
2024-12-03 08:51:09,702 [INFO] org.springframework.web.servlet.DispatcherServlet [RMI TCP Connection(2)-127.0.0.1] Initializing Servlet 'dispatcherServlet'
2024-12-03 08:51:09,708 [INFO] org.springframework.web.servlet.DispatcherServlet [RMI TCP Connection(2)-127.0.0.1] Completed initialization in 4 ms
2024-12-03 08:52:49,563 [INFO] org.springdoc.api.AbstractOpenApiResource [http-nio-8080-exec-8] Init duration for springdoc-openapi is: 1619 ms
2024-12-03 08:53:03,054 [WARN] org.springframework.web.servlet.PageNotFound [http-nio-8080-exec-8] No mapping for GET /favicon.ico
2024-12-03 08:53:03,062 [WARN] org.springframework.web.servlet.PageNotFound [http-nio-8080-exec-8] No endpoint GET /favicon.ico.
2024-12-03 11:06:15,658 [INFO] org.studyeasy.SpringRestdemo.SpringRestdemoApplication [main] Starting SpringRestdemoApplication using Java 21 with PID 20548 (D:\RECYCLE BIN EXTRAS\ONLY_DOCS\all_my_software_projects_folder\javaUdemy_documents\Java_ReactJS_101\L2_React_AddAlbums\backend3\SpringRestdemo_38_DeleteAlbumAPI\target\classes started by Lenovo in D:\RECYCLE BIN EXTRAS\ONLY_DOCS\all_my_software_projects_folder\javaUdemy_documents\Java_ReactJS_101\L2_React_AddAlbums\backend3)
2024-12-03 11:06:15,662 [DEBUG] org.studyeasy.SpringRestdemo.SpringRestdemoApplication [main] Running with Spring Boot v3.3.2, Spring v6.1.11
2024-12-03 11:06:15,662 [INFO] org.studyeasy.SpringRestdemo.SpringRestdemoApplication [main] No active profile set, falling back to 1 default profile: "default"
2024-12-03 11:06:18,874 [INFO] org.springframework.data.repository.config.RepositoryConfigurationDelegate [main] Bootstrapping Spring Data JPA repositories in DEFAULT mode.
2024-12-03 11:06:18,987 [INFO] org.springframework.data.repository.config.RepositoryConfigurationDelegate [main] Finished Spring Data repository scanning in 96 ms. Found 3 JPA repository interfaces.
2024-12-03 11:06:20,673 [INFO] org.springframework.boot.web.embedded.tomcat.TomcatWebServer [main] Tomcat initialized with port 8080 (http)
2024-12-03 11:06:20,692 [INFO] org.apache.catalina.core.StandardService [main] Starting service [Tomcat]
2024-12-03 11:06:20,694 [INFO] org.apache.catalina.core.StandardEngine [main] Starting Servlet engine: [Apache Tomcat/10.1.26]
2024-12-03 11:06:20,803 [INFO] org.apache.catalina.core.ContainerBase.[Tomcat].[localhost].[/] [main] Initializing Spring embedded WebApplicationContext
2024-12-03 11:06:20,804 [INFO] org.springframework.boot.web.servlet.context.ServletWebServerApplicationContext [main] Root WebApplicationContext: initialization completed in 5028 ms
2024-12-03 11:06:21,093 [INFO] com.zaxxer.hikari.HikariDataSource [main] HikariPool-1 - Starting...
2024-12-03 11:06:21,752 [INFO] com.zaxxer.hikari.pool.HikariPool [main] HikariPool-1 - Added connection conn0: url=jdbc:h2:file:./db/db user=ADMIN
2024-12-03 11:06:21,766 [INFO] com.zaxxer.hikari.HikariDataSource [main] HikariPool-1 - Start completed.
2024-12-03 11:06:21,787 [INFO] org.springframework.boot.autoconfigure.h2.H2ConsoleAutoConfiguration [main] H2 console available at '/db-console'. Database available at 'jdbc:h2:file:./db/db'
2024-12-03 11:06:22,232 [INFO] org.hibernate.jpa.internal.util.LogHelper [main] HHH000204: Processing PersistenceUnitInfo [name: default]
2024-12-03 11:06:22,449 [INFO] org.hibernate.Version [main] HHH000412: Hibernate ORM core version 6.5.2.Final
2024-12-03 11:06:22,564 [INFO] org.hibernate.cache.internal.RegionFactoryInitiator [main] HHH000026: Second-level cache disabled
2024-12-03 11:06:23,174 [INFO] org.springframework.orm.jpa.persistenceunit.SpringPersistenceUnitInfo [main] No LoadTimeWeaver setup: ignoring JPA class transformer
2024-12-03 11:06:23,268 [WARN] org.hibernate.dialect.Dialect [main] HHH000511: The 2.1.210 version for [org.hibernate.dialect.H2Dialect] is no longer supported, hence certain features may not work properly. The minimum supported version is 2.1.214. Check the community dialects project for available legacy versions.
2024-12-03 11:06:23,281 [WARN] org.hibernate.orm.deprecation [main] HHH90000025: H2Dialect does not need to be specified explicitly using 'hibernate.dialect' (remove the property setting and it will be selected by default)
2024-12-03 11:06:26,363 [INFO] org.hibernate.engine.transaction.jta.platform.internal.JtaPlatformInitiator [main] HHH000489: No JTA platform available (set 'hibernate.transaction.jta.platform' to enable JTA platform integration)
2024-12-03 11:06:26,527 [INFO] org.springframework.orm.jpa.LocalContainerEntityManagerFactoryBean [main] Initialized JPA EntityManagerFactory for persistence unit 'default'
2024-12-03 11:06:29,645 [WARN] org.springframework.boot.autoconfigure.orm.jpa.JpaBaseConfiguration$JpaWebConfiguration [main] spring.jpa.open-in-view is enabled by default. Therefore, database queries may be performed during view rendering. Explicitly configure spring.jpa.open-in-view to disable this warning
2024-12-03 11:06:29,768 [INFO] org.springframework.security.config.annotation.authentication.configuration.InitializeUserDetailsBeanManagerConfigurer$InitializeUserDetailsManagerConfigurer [main] Global AuthenticationManager configured with UserDetailsService bean with name accountService
2024-12-03 11:06:31,942 [INFO] org.springframework.boot.actuate.endpoint.web.EndpointLinksResolver [main] Exposing 1 endpoint beneath base path '/actuator'
2024-12-03 11:06:34,728 [INFO] org.springframework.boot.web.embedded.tomcat.TomcatWebServer [main] Tomcat started on port 8080 (http) with context path '/'
2024-12-03 11:06:34,864 [INFO] org.studyeasy.SpringRestdemo.SpringRestdemoApplication [main] Started SpringRestdemoApplication in 19.982 seconds (process running for 21.036)
2024-12-03 11:06:36,571 [INFO] org.apache.catalina.core.ContainerBase.[Tomcat].[localhost].[/] [RMI TCP Connection(2)-127.0.0.1] Initializing Spring DispatcherServlet 'dispatcherServlet'
2024-12-03 11:06:36,573 [INFO] org.springframework.web.servlet.DispatcherServlet [RMI TCP Connection(2)-127.0.0.1] Initializing Servlet 'dispatcherServlet'
2024-12-03 11:06:36,580 [INFO] org.springframework.web.servlet.DispatcherServlet [RMI TCP Connection(2)-127.0.0.1] Completed initialization in 6 ms
2024-12-03 11:09:52,374 [INFO] org.springdoc.api.AbstractOpenApiResource [http-nio-8080-exec-8] Init duration for springdoc-openapi is: 1080 ms
2024-12-03 11:42:23,584 [WARN] org.springframework.web.servlet.PageNotFound [http-nio-8080-exec-2] No mapping for POST /album/api/v1/albums/add
2024-12-03 11:42:23,654 [WARN] org.springframework.web.servlet.PageNotFound [http-nio-8080-exec-2] No endpoint POST /album/api/v1/albums/add.
2024-12-03 17:53:58,576 [WARN] com.zaxxer.hikari.pool.HikariPool [HikariPool-1 housekeeper] HikariPool-1 - Thread starvation or clock leap detected (housekeeper delta=2h18m1s822ms761µs1ns).
2024-12-03 19:41:30,282 [WARN] org.springframework.web.servlet.PageNotFound [http-nio-8080-exec-8] No mapping for POST /album/api/v1/albums/1/upload-photos
2024-12-03 19:41:30,453 [WARN] org.springframework.web.servlet.PageNotFound [http-nio-8080-exec-8] No endpoint POST /album/api/v1/albums/1/upload-photos.
2024-12-03 19:42:11,808 [WARN] org.springframework.web.servlet.PageNotFound [http-nio-8080-exec-10] No mapping for POST /album/api/v1/albums/1/upload-photos
2024-12-03 19:42:11,811 [WARN] org.springframework.web.servlet.PageNotFound [http-nio-8080-exec-10] No endpoint POST /album/api/v1/albums/1/upload-photos.
2024-12-03 19:44:17,298 [WARN] org.springframework.web.servlet.PageNotFound [http-nio-8080-exec-7] No mapping for POST /album/api/v1/albums/1/upload-photos
2024-12-03 19:44:17,302 [WARN] org.springframework.web.servlet.PageNotFound [http-nio-8080-exec-7] No endpoint POST /album/api/v1/albums/1/upload-photos.
2024-12-03 22:45:14,811 [INFO] org.studyeasy.SpringRestdemo.SpringRestdemoApplication [main] Starting SpringRestdemoApplication using Java 21 with PID 9024 (D:\RECYCLE BIN EXTRAS\ONLY_DOCS\all_my_software_projects_folder\javaUdemy_documents\Java_ReactJS_101\L2_React_AddAlbums\backend3\SpringRestdemo_38_DeleteAlbumAPI\target\classes started by Lenovo in D:\RECYCLE BIN EXTRAS\ONLY_DOCS\all_my_software_projects_folder\javaUdemy_documents\Java_ReactJS_101\L2_React_AddAlbums\backend3)
2024-12-03 22:45:14,852 [DEBUG] org.studyeasy.SpringRestdemo.SpringRestdemoApplication [main] Running with Spring Boot v3.3.2, Spring v6.1.11
2024-12-03 22:45:14,853 [INFO] org.studyeasy.SpringRestdemo.SpringRestdemoApplication [main] No active profile set, falling back to 1 default profile: "default"
2024-12-03 22:45:17,632 [INFO] org.springframework.data.repository.config.RepositoryConfigurationDelegate [main] Bootstrapping Spring Data JPA repositories in DEFAULT mode.
2024-12-03 22:45:17,759 [INFO] org.springframework.data.repository.config.RepositoryConfigurationDelegate [main] Finished Spring Data repository scanning in 108 ms. Found 3 JPA repository interfaces.
2024-12-03 22:45:19,803 [INFO] org.springframework.boot.web.embedded.tomcat.TomcatWebServer [main] Tomcat initialized with port 8080 (http)
2024-12-03 22:45:19,864 [INFO] org.apache.catalina.core.StandardService [main] Starting service [Tomcat]
2024-12-03 22:45:19,865 [INFO] org.apache.catalina.core.StandardEngine [main] Starting Servlet engine: [Apache Tomcat/10.1.26]
2024-12-03 22:45:20,044 [INFO] org.apache.catalina.core.ContainerBase.[Tomcat].[localhost].[/] [main] Initializing Spring embedded WebApplicationContext
2024-12-03 22:45:20,045 [INFO] org.springframework.boot.web.servlet.context.ServletWebServerApplicationContext [main] Root WebApplicationContext: initialization completed in 5069 ms
2024-12-03 22:45:20,297 [INFO] com.zaxxer.hikari.HikariDataSource [main] HikariPool-1 - Starting...
2024-12-03 22:45:20,937 [INFO] com.zaxxer.hikari.pool.HikariPool [main] HikariPool-1 - Added connection conn0: url=jdbc:h2:file:./db/db user=ADMIN
2024-12-03 22:45:20,944 [INFO] com.zaxxer.hikari.HikariDataSource [main] HikariPool-1 - Start completed.
2024-12-03 22:45:20,992 [INFO] org.springframework.boot.autoconfigure.h2.H2ConsoleAutoConfiguration [main] H2 console available at '/db-console'. Database available at 'jdbc:h2:file:./db/db'
2024-12-03 22:45:21,816 [INFO] org.hibernate.jpa.internal.util.LogHelper [main] HHH000204: Processing PersistenceUnitInfo [name: default]
2024-12-03 22:45:22,097 [INFO] org.hibernate.Version [main] HHH000412: Hibernate ORM core version 6.5.2.Final
2024-12-03 22:45:22,205 [INFO] org.hibernate.cache.internal.RegionFactoryInitiator [main] HHH000026: Second-level cache disabled
2024-12-03 22:45:23,166 [INFO] org.springframework.orm.jpa.persistenceunit.SpringPersistenceUnitInfo [main] No LoadTimeWeaver setup: ignoring JPA class transformer
2024-12-03 22:45:23,377 [WARN] org.hibernate.dialect.Dialect [main] HHH000511: The 2.1.210 version for [org.hibernate.dialect.H2Dialect] is no longer supported, hence certain features may not work properly. The minimum supported version is 2.1.214. Check the community dialects project for available legacy versions.
2024-12-03 22:45:23,407 [WARN] org.hibernate.orm.deprecation [main] HHH90000025: H2Dialect does not need to be specified explicitly using 'hibernate.dialect' (remove the property setting and it will be selected by default)
2024-12-03 22:45:26,148 [INFO] org.hibernate.engine.transaction.jta.platform.internal.JtaPlatformInitiator [main] HHH000489: No JTA platform available (set 'hibernate.transaction.jta.platform' to enable JTA platform integration)
2024-12-03 22:45:26,285 [INFO] org.springframework.orm.jpa.LocalContainerEntityManagerFactoryBean [main] Initialized JPA EntityManagerFactory for persistence unit 'default'
2024-12-03 22:45:28,951 [WARN] org.springframework.boot.autoconfigure.orm.jpa.JpaBaseConfiguration$JpaWebConfiguration [main] spring.jpa.open-in-view is enabled by default. Therefore, database queries may be performed during view rendering. Explicitly configure spring.jpa.open-in-view to disable this warning
2024-12-03 22:45:29,052 [INFO] org.springframework.security.config.annotation.authentication.configuration.InitializeUserDetailsBeanManagerConfigurer$InitializeUserDetailsManagerConfigurer [main] Global AuthenticationManager configured with UserDetailsService bean with name accountService
2024-12-03 22:45:30,853 [INFO] org.springframework.boot.actuate.endpoint.web.EndpointLinksResolver [main] Exposing 1 endpoint beneath base path '/actuator'
2024-12-03 22:45:33,174 [INFO] org.springframework.boot.web.embedded.tomcat.TomcatWebServer [main] Tomcat started on port 8080 (http) with context path '/'
2024-12-03 22:45:33,239 [INFO] org.studyeasy.SpringRestdemo.SpringRestdemoApplication [main] Started SpringRestdemoApplication in 19.335 seconds (process running for 20.565)
2024-12-03 22:45:35,191 [INFO] org.apache.catalina.core.ContainerBase.[Tomcat].[localhost].[/] [RMI TCP Connection(2)-127.0.0.1] Initializing Spring DispatcherServlet 'dispatcherServlet'
2024-12-03 22:45:35,193 [INFO] org.springframework.web.servlet.DispatcherServlet [RMI TCP Connection(2)-127.0.0.1] Initializing Servlet 'dispatcherServlet'
2024-12-03 22:45:35,199 [INFO] org.springframework.web.servlet.DispatcherServlet [RMI TCP Connection(2)-127.0.0.1] Completed initialization in 5 ms
